E:\HELMET-FCEM\HELMET-FCEM\DEBUG\HELMET-FCEM.PCH
E:\HELMET-FCEM\HELMET-FCEM\DEBUG\STDAFX.OBJ
E:\HELMET-FCEM\HELMET-FCEM\DEBUG\VC110.PDB
E:\HELMET-FCEM\HELMET-FCEM\DEBUG\HELMET-FCEM.OBJ
E:\HELMET-FCEM\HELMET-FCEM\DEBUG\HELMET-FCEMDLG.OBJ
E:\HELMET-FCEM\HELMET-FCEM\DEBUG\MAIN.OBJ
E:\HELMET-FCEM\HELMET-FCEM\DEBUG\STEP1DIALOG.OBJ
E:\HELMET-FCEM\HELMET-FCEM\DEBUG\STEP2DIALOG.OBJ
E:\HELMET-FCEM\HELMET-FCEM\DEBUG\STEP3DIALOG.OBJ
E:\HELMET-FCEM\HELMET-FCEM\DEBUG\STEP4DIALOG.OBJ
E:\HELMET-FCEM\HELMET-FCEM\DEBUG\ZHIBIAO.OBJ
E:\HELMET-FCEM\HELMET-FCEM\DEBUG\HELMET-FCEM.RES
E:\Helmet-FCEM\Helmet-FCEM\Debug\Helmet-FCEM.obj
E:\Helmet-FCEM\Helmet-FCEM\Debug\Helmet-FCEMDlg.obj
E:\Helmet-FCEM\Helmet-FCEM\Debug\Main.obj
E:\Helmet-FCEM\Helmet-FCEM\Debug\MyProCtrl.obj
E:\Helmet-FCEM\Helmet-FCEM\Debug\stdafx.obj
E:\Helmet-FCEM\Helmet-FCEM\Debug\Step1dialog.obj
E:\Helmet-FCEM\Helmet-FCEM\Debug\Step2dialog.obj
E:\Helmet-FCEM\Helmet-FCEM\Debug\Step3dialog.obj
E:\Helmet-FCEM\Helmet-FCEM\Debug\Step4dialog.obj
E:\Helmet-FCEM\Helmet-FCEM\Debug\zhibiao.obj
E:\Helmet-FCEM\Helmet-FCEM\Debug\cl.command.1.tlog
E:\Helmet-FCEM\Helmet-FCEM\Debug\CL.read.1.tlog
E:\Helmet-FCEM\Helmet-FCEM\Debug\CL.write.1.tlog
E:\Helmet-FCEM\Helmet-FCEM\Debug\link-cvtres.read.1.tlog
E:\Helmet-FCEM\Helmet-FCEM\Debug\link-cvtres.write.1.tlog
E:\Helmet-FCEM\Helmet-FCEM\Debug\link-mt.read.1.tlog
E:\Helmet-FCEM\Helmet-FCEM\Debug\link-mt.write.1.tlog
E:\Helmet-FCEM\Helmet-FCEM\Debug\link-rc.read.1.tlog
E:\Helmet-FCEM\Helmet-FCEM\Debug\link-rc.write.1.tlog
E:\Helmet-FCEM\Helmet-FCEM\Debug\link.11576-cvtres.read.1.tlog
E:\Helmet-FCEM\Helmet-FCEM\Debug\link.11576-cvtres.write.1.tlog
E:\Helmet-FCEM\Helmet-FCEM\Debug\link.11576-mt.read.1.tlog
E:\Helmet-FCEM\Helmet-FCEM\Debug\link.11576-mt.write.1.tlog
E:\Helmet-FCEM\Helmet-FCEM\Debug\link.11576-rc.read.1.tlog
E:\Helmet-FCEM\Helmet-FCEM\Debug\link.11576-rc.write.1.tlog
E:\Helmet-FCEM\Helmet-FCEM\Debug\link.11576.read.1.tlog
E:\Helmet-FCEM\Helmet-FCEM\Debug\link.11576.write.1.tlog
E:\Helmet-FCEM\Helmet-FCEM\Debug\link.22076-cvtres.read.1.tlog
E:\Helmet-FCEM\Helmet-FCEM\Debug\link.22076-cvtres.write.1.tlog
E:\Helmet-FCEM\Helmet-FCEM\Debug\link.22076-mt.read.1.tlog
E:\Helmet-FCEM\Helmet-FCEM\Debug\link.22076-mt.write.1.tlog
E:\Helmet-FCEM\Helmet-FCEM\Debug\link.22076-rc.read.1.tlog
E:\Helmet-FCEM\Helmet-FCEM\Debug\link.22076-rc.write.1.tlog
E:\Helmet-FCEM\Helmet-FCEM\Debug\link.22076.read.1.tlog
E:\Helmet-FCEM\Helmet-FCEM\Debug\link.22076.write.1.tlog
E:\Helmet-FCEM\Helmet-FCEM\Debug\link.268584-cvtres.read.1.tlog
E:\Helmet-FCEM\Helmet-FCEM\Debug\link.268584-cvtres.write.1.tlog
E:\Helmet-FCEM\Helmet-FCEM\Debug\link.268584-mt.read.1.tlog
E:\Helmet-FCEM\Helmet-FCEM\Debug\link.268584-mt.write.1.tlog
E:\Helmet-FCEM\Helmet-FCEM\Debug\link.268584-rc.read.1.tlog
E:\Helmet-FCEM\Helmet-FCEM\Debug\link.268584-rc.write.1.tlog
E:\Helmet-FCEM\Helmet-FCEM\Debug\link.268584.read.1.tlog
E:\Helmet-FCEM\Helmet-FCEM\Debug\link.268584.write.1.tlog
E:\Helmet-FCEM\Helmet-FCEM\Debug\link.284000-cvtres.read.1.tlog
E:\Helmet-FCEM\Helmet-FCEM\Debug\link.284000-cvtres.write.1.tlog
E:\Helmet-FCEM\Helmet-FCEM\Debug\link.284000-mt.read.1.tlog
E:\Helmet-FCEM\Helmet-FCEM\Debug\link.284000-mt.write.1.tlog
E:\Helmet-FCEM\Helmet-FCEM\Debug\link.284000-rc.read.1.tlog
E:\Helmet-FCEM\Helmet-FCEM\Debug\link.284000-rc.write.1.tlog
E:\Helmet-FCEM\Helmet-FCEM\Debug\link.284000.read.1.tlog
E:\Helmet-FCEM\Helmet-FCEM\Debug\link.284000.write.1.tlog
E:\Helmet-FCEM\Helmet-FCEM\Debug\link.3352-cvtres.read.1.tlog
E:\Helmet-FCEM\Helmet-FCEM\Debug\link.3352-cvtres.write.1.tlog
E:\Helmet-FCEM\Helmet-FCEM\Debug\link.3352-mt.read.1.tlog
E:\Helmet-FCEM\Helmet-FCEM\Debug\link.3352-mt.write.1.tlog
E:\Helmet-FCEM\Helmet-FCEM\Debug\link.3352-rc.read.1.tlog
E:\Helmet-FCEM\Helmet-FCEM\Debug\link.3352-rc.write.1.tlog
E:\Helmet-FCEM\Helmet-FCEM\Debug\link.3352.read.1.tlog
E:\Helmet-FCEM\Helmet-FCEM\Debug\link.3352.write.1.tlog
E:\Helmet-FCEM\Helmet-FCEM\Debug\link.4164-cvtres.read.1.tlog
E:\Helmet-FCEM\Helmet-FCEM\Debug\link.4164-cvtres.write.1.tlog
E:\Helmet-FCEM\Helmet-FCEM\Debug\link.4164-mt.read.1.tlog
E:\Helmet-FCEM\Helmet-FCEM\Debug\link.4164-mt.write.1.tlog
E:\Helmet-FCEM\Helmet-FCEM\Debug\link.4164-rc.read.1.tlog
E:\Helmet-FCEM\Helmet-FCEM\Debug\link.4164-rc.write.1.tlog
E:\Helmet-FCEM\Helmet-FCEM\Debug\link.4164.read.1.tlog
E:\Helmet-FCEM\Helmet-FCEM\Debug\link.4164.write.1.tlog
E:\Helmet-FCEM\Helmet-FCEM\Debug\link.5208-cvtres.read.1.tlog
E:\Helmet-FCEM\Helmet-FCEM\Debug\link.5208-cvtres.write.1.tlog
E:\Helmet-FCEM\Helmet-FCEM\Debug\link.5208-mt.read.1.tlog
E:\Helmet-FCEM\Helmet-FCEM\Debug\link.5208-mt.write.1.tlog
E:\Helmet-FCEM\Helmet-FCEM\Debug\link.5208-rc.read.1.tlog
E:\Helmet-FCEM\Helmet-FCEM\Debug\link.5208-rc.write.1.tlog
E:\Helmet-FCEM\Helmet-FCEM\Debug\link.5208.read.1.tlog
E:\Helmet-FCEM\Helmet-FCEM\Debug\link.5208.write.1.tlog
E:\Helmet-FCEM\Helmet-FCEM\Debug\link.55460-cvtres.read.1.tlog
E:\Helmet-FCEM\Helmet-FCEM\Debug\link.55460-cvtres.write.1.tlog
E:\Helmet-FCEM\Helmet-FCEM\Debug\link.55460-mt.read.1.tlog
E:\Helmet-FCEM\Helmet-FCEM\Debug\link.55460-mt.write.1.tlog
E:\Helmet-FCEM\Helmet-FCEM\Debug\link.55460-rc.read.1.tlog
E:\Helmet-FCEM\Helmet-FCEM\Debug\link.55460-rc.write.1.tlog
E:\Helmet-FCEM\Helmet-FCEM\Debug\link.55460.read.1.tlog
E:\Helmet-FCEM\Helmet-FCEM\Debug\link.55460.write.1.tlog
E:\Helmet-FCEM\Helmet-FCEM\Debug\link.60208-cvtres.read.1.tlog
E:\Helmet-FCEM\Helmet-FCEM\Debug\link.60208-cvtres.write.1.tlog
E:\Helmet-FCEM\Helmet-FCEM\Debug\link.60208-mt.read.1.tlog
E:\Helmet-FCEM\Helmet-FCEM\Debug\link.60208-mt.write.1.tlog
E:\Helmet-FCEM\Helmet-FCEM\Debug\link.60208-rc.read.1.tlog
E:\Helmet-FCEM\Helmet-FCEM\Debug\link.60208-rc.write.1.tlog
E:\Helmet-FCEM\Helmet-FCEM\Debug\link.60208.read.1.tlog
E:\Helmet-FCEM\Helmet-FCEM\Debug\link.60208.write.1.tlog
E:\Helmet-FCEM\Helmet-FCEM\Debug\link.6860-cvtres.read.1.tlog
E:\Helmet-FCEM\Helmet-FCEM\Debug\link.6860-cvtres.write.1.tlog
E:\Helmet-FCEM\Helmet-FCEM\Debug\link.6860-mt.read.1.tlog
E:\Helmet-FCEM\Helmet-FCEM\Debug\link.6860-mt.write.1.tlog
E:\Helmet-FCEM\Helmet-FCEM\Debug\link.6860-rc.read.1.tlog
E:\Helmet-FCEM\Helmet-FCEM\Debug\link.6860-rc.write.1.tlog
E:\Helmet-FCEM\Helmet-FCEM\Debug\link.6860.read.1.tlog
E:\Helmet-FCEM\Helmet-FCEM\Debug\link.6860.write.1.tlog
E:\Helmet-FCEM\Helmet-FCEM\Debug\link.69744-cvtres.read.1.tlog
E:\Helmet-FCEM\Helmet-FCEM\Debug\link.69744-cvtres.write.1.tlog
E:\Helmet-FCEM\Helmet-FCEM\Debug\link.69744-mt.read.1.tlog
E:\Helmet-FCEM\Helmet-FCEM\Debug\link.69744-mt.write.1.tlog
E:\Helmet-FCEM\Helmet-FCEM\Debug\link.69744-rc.read.1.tlog
E:\Helmet-FCEM\Helmet-FCEM\Debug\link.69744-rc.write.1.tlog
E:\Helmet-FCEM\Helmet-FCEM\Debug\link.69744.read.1.tlog
E:\Helmet-FCEM\Helmet-FCEM\Debug\link.69744.write.1.tlog
E:\Helmet-FCEM\Helmet-FCEM\Debug\link.85752-cvtres.read.1.tlog
E:\Helmet-FCEM\Helmet-FCEM\Debug\link.85752-cvtres.write.1.tlog
E:\Helmet-FCEM\Helmet-FCEM\Debug\link.85752-mt.read.1.tlog
E:\Helmet-FCEM\Helmet-FCEM\Debug\link.85752-mt.write.1.tlog
E:\Helmet-FCEM\Helmet-FCEM\Debug\link.85752-rc.read.1.tlog
E:\Helmet-FCEM\Helmet-FCEM\Debug\link.85752-rc.write.1.tlog
E:\Helmet-FCEM\Helmet-FCEM\Debug\link.85752.read.1.tlog
E:\Helmet-FCEM\Helmet-FCEM\Debug\link.85752.write.1.tlog
E:\Helmet-FCEM\Helmet-FCEM\Debug\link.8672-cvtres.read.1.tlog
E:\Helmet-FCEM\Helmet-FCEM\Debug\link.8672-cvtres.write.1.tlog
E:\Helmet-FCEM\Helmet-FCEM\Debug\link.8672-mt.read.1.tlog
E:\Helmet-FCEM\Helmet-FCEM\Debug\link.8672-mt.write.1.tlog
E:\Helmet-FCEM\Helmet-FCEM\Debug\link.8672-rc.read.1.tlog
E:\Helmet-FCEM\Helmet-FCEM\Debug\link.8672-rc.write.1.tlog
E:\Helmet-FCEM\Helmet-FCEM\Debug\link.8672.read.1.tlog
E:\Helmet-FCEM\Helmet-FCEM\Debug\link.8672.write.1.tlog
E:\Helmet-FCEM\Helmet-FCEM\Debug\link.8864-cvtres.read.1.tlog
E:\Helmet-FCEM\Helmet-FCEM\Debug\link.8864-cvtres.write.1.tlog
E:\Helmet-FCEM\Helmet-FCEM\Debug\link.8864-mt.read.1.tlog
E:\Helmet-FCEM\Helmet-FCEM\Debug\link.8864-mt.write.1.tlog
E:\Helmet-FCEM\Helmet-FCEM\Debug\link.8864-rc.read.1.tlog
E:\Helmet-FCEM\Helmet-FCEM\Debug\link.8864-rc.write.1.tlog
E:\Helmet-FCEM\Helmet-FCEM\Debug\link.8864.read.1.tlog
E:\Helmet-FCEM\Helmet-FCEM\Debug\link.8864.write.1.tlog
E:\Helmet-FCEM\Helmet-FCEM\Debug\link.924-cvtres.read.1.tlog
E:\Helmet-FCEM\Helmet-FCEM\Debug\link.924-cvtres.write.1.tlog
E:\Helmet-FCEM\Helmet-FCEM\Debug\link.924-mt.read.1.tlog
E:\Helmet-FCEM\Helmet-FCEM\Debug\link.924-mt.write.1.tlog
E:\Helmet-FCEM\Helmet-FCEM\Debug\link.924-rc.read.1.tlog
E:\Helmet-FCEM\Helmet-FCEM\Debug\link.924-rc.write.1.tlog
E:\Helmet-FCEM\Helmet-FCEM\Debug\link.924.read.1.tlog
E:\Helmet-FCEM\Helmet-FCEM\Debug\link.924.write.1.tlog
E:\Helmet-FCEM\Helmet-FCEM\Debug\link.command.1.tlog
E:\Helmet-FCEM\Helmet-FCEM\Debug\link.read.1.tlog
E:\Helmet-FCEM\Helmet-FCEM\Debug\link.write.1.tlog
E:\Helmet-FCEM\Helmet-FCEM\Debug\rc.command.1.tlog
E:\Helmet-FCEM\Helmet-FCEM\Debug\rc.read.1.tlog
E:\Helmet-FCEM\Helmet-FCEM\Debug\rc.write.1.tlog
E:\Helmet-FCEM\Helmet-FCEM\Debug\Helmet-FCEM.res
E:\Helmet-FCEM\Helmet-FCEM\Debug\Helmet-FCEM.pch
E:\Helmet-FCEM\Helmet-FCEM\Debug\vc110.idb
E:\Helmet-FCEM\Helmet-FCEM\Debug\vc110.pdb
E:\Helmet-FCEM\Debug\Helmet-FCEM.pdb
