生成启动时间为 2016/9/1 21:02:53。
     1>项目“C:\Users\Administrator\Downloads\编程源码\编程源码\三层\Helmet-FCEM\Helmet-FCEM\Helmet-FCEM.vcxproj”在节点 2 上(Build 个目标)。
     1>ClCompile:
         C:\Program Files (x86)\Microsoft Visual Studio 12.0\VC\bin\CL.exe /c /ZI /nologo /W3 /WX- /sdl /Od /Oy- /D WIN32 /D _WINDOWS /D _DEBUG /D _MBCS /D _AFXDLL /Gm /EHsc /RTC1 /MDd /GS /fp:precise /Zc:wchar_t /Zc:forScope /Yc"stdafx.h" /Fp"Debug\Helmet-FCEM.pch" /Fo"Debug\\" /Fd"Debug\vc120.pdb" /Gd /TP /analyze- /errorReport:prompt stdafx.cpp
         stdafx.cpp
     1>c:\program files (x86)\microsoft visual studio 12.0\vc\atlmfc\include\afx.h(38): warning C4996: 'MBCS_Support_Deprecated_In_MFC': MBCS support in MFC is deprecated and may be removed in a future version of MFC.
                 c:\program files (x86)\microsoft visual studio 12.0\vc\atlmfc\include\afx.h(33) : 参见“MBCS_Support_Deprecated_In_MFC”的声明
         C:\Program Files (x86)\Microsoft Visual Studio 12.0\VC\bin\CL.exe /c /ZI /nologo /W3 /WX- /sdl /Od /Oy- /D WIN32 /D _WINDOWS /D _DEBUG /D _MBCS /D _AFXDLL /Gm /EHsc /RTC1 /MDd /GS /fp:precise /Zc:wchar_t /Zc:forScope /Yu"stdafx.h" /Fp"Debug\Helmet-FCEM.pch" /Fo"Debug\\" /Fd"Debug\vc120.pdb" /Gd /TP /analyze- /errorReport:prompt "Helmet-FCEM.cpp" "Helmet-FCEMDlg.cpp" Main.cpp Step1dialog.cpp Step2dialog.cpp Step3dialog.cpp Step4dialog.cpp zhibiao.cpp
         zhibiao.cpp
     1>c:\users\administrator\downloads\编程源码\编程源码\三层\helmet-fcem\helmet-fcem\zhibiao.cpp(162): warning C4102: “CDialog”: 未引用的标签
     1>c:\users\administrator\downloads\编程源码\编程源码\三层\helmet-fcem\helmet-fcem\zhibiao.cpp(292): warning C4805: “==”: 在操作中将类型“BOOL”与类型“bool”混合不安全
     1>c:\users\administrator\downloads\编程源码\编程源码\三层\helmet-fcem\helmet-fcem\zhibiao.cpp(293): warning C4805: “==”: 在操作中将类型“BOOL”与类型“bool”混合不安全
     1>c:\users\administrator\downloads\编程源码\编程源码\三层\helmet-fcem\helmet-fcem\zhibiao.cpp(294): warning C4805: “==”: 在操作中将类型“BOOL”与类型“bool”混合不安全
     1>c:\users\administrator\downloads\编程源码\编程源码\三层\helmet-fcem\helmet-fcem\zhibiao.cpp(295): warning C4805: “==”: 在操作中将类型“BOOL”与类型“bool”混合不安全
     1>c:\users\administrator\downloads\编程源码\编程源码\三层\helmet-fcem\helmet-fcem\zhibiao.cpp(296): warning C4805: “==”: 在操作中将类型“BOOL”与类型“bool”混合不安全
     1>c:\users\administrator\downloads\编程源码\编程源码\三层\helmet-fcem\helmet-fcem\zhibiao.cpp(297): warning C4805: “==”: 在操作中将类型“BOOL”与类型“bool”混合不安全
     1>c:\users\administrator\downloads\编程源码\编程源码\三层\helmet-fcem\helmet-fcem\zhibiao.cpp(298): warning C4805: “==”: 在操作中将类型“BOOL”与类型“bool”混合不安全
     1>c:\users\administrator\downloads\编程源码\编程源码\三层\helmet-fcem\helmet-fcem\zhibiao.cpp(299): warning C4805: “==”: 在操作中将类型“BOOL”与类型“bool”混合不安全
     1>c:\users\administrator\downloads\编程源码\编程源码\三层\helmet-fcem\helmet-fcem\zhibiao.cpp(300): warning C4805: “==”: 在操作中将类型“BOOL”与类型“bool”混合不安全
     1>c:\users\administrator\downloads\编程源码\编程源码\三层\helmet-fcem\helmet-fcem\zhibiao.cpp(301): warning C4805: “==”: 在操作中将类型“BOOL”与类型“bool”混合不安全
     1>c:\users\administrator\downloads\编程源码\编程源码\三层\helmet-fcem\helmet-fcem\zhibiao.cpp(302): warning C4805: “==”: 在操作中将类型“BOOL”与类型“bool”混合不安全
     1>c:\users\administrator\downloads\编程源码\编程源码\三层\helmet-fcem\helmet-fcem\zhibiao.cpp(303): warning C4805: “==”: 在操作中将类型“BOOL”与类型“bool”混合不安全
     1>c:\users\administrator\downloads\编程源码\编程源码\三层\helmet-fcem\helmet-fcem\zhibiao.cpp(304): warning C4805: “==”: 在操作中将类型“BOOL”与类型“bool”混合不安全
     1>c:\users\administrator\downloads\编程源码\编程源码\三层\helmet-fcem\helmet-fcem\zhibiao.cpp(305): warning C4805: “==”: 在操作中将类型“BOOL”与类型“bool”混合不安全
     1>c:\users\administrator\downloads\编程源码\编程源码\三层\helmet-fcem\helmet-fcem\zhibiao.cpp(306): warning C4805: “==”: 在操作中将类型“BOOL”与类型“bool”混合不安全
     1>c:\users\administrator\downloads\编程源码\编程源码\三层\helmet-fcem\helmet-fcem\zhibiao.cpp(307): warning C4805: “==”: 在操作中将类型“BOOL”与类型“bool”混合不安全
     1>c:\users\administrator\downloads\编程源码\编程源码\三层\helmet-fcem\helmet-fcem\zhibiao.cpp(308): warning C4805: “==”: 在操作中将类型“BOOL”与类型“bool”混合不安全
     1>c:\users\administrator\downloads\编程源码\编程源码\三层\helmet-fcem\helmet-fcem\zhibiao.cpp(309): warning C4805: “==”: 在操作中将类型“BOOL”与类型“bool”混合不安全
     1>c:\users\administrator\downloads\编程源码\编程源码\三层\helmet-fcem\helmet-fcem\zhibiao.cpp(310): warning C4805: “==”: 在操作中将类型“BOOL”与类型“bool”混合不安全
     1>c:\users\administrator\downloads\编程源码\编程源码\三层\helmet-fcem\helmet-fcem\zhibiao.cpp(311): warning C4805: “==”: 在操作中将类型“BOOL”与类型“bool”混合不安全
     1>c:\users\administrator\downloads\编程源码\编程源码\三层\helmet-fcem\helmet-fcem\zhibiao.cpp(312): warning C4805: “==”: 在操作中将类型“BOOL”与类型“bool”混合不安全
     1>c:\users\administrator\downloads\编程源码\编程源码\三层\helmet-fcem\helmet-fcem\zhibiao.cpp(313): warning C4805: “==”: 在操作中将类型“BOOL”与类型“bool”混合不安全
     1>c:\users\administrator\downloads\编程源码\编程源码\三层\helmet-fcem\helmet-fcem\zhibiao.cpp(314): warning C4805: “==”: 在操作中将类型“BOOL”与类型“bool”混合不安全
     1>c:\users\administrator\downloads\编程源码\编程源码\三层\helmet-fcem\helmet-fcem\zhibiao.cpp(315): warning C4805: “==”: 在操作中将类型“BOOL”与类型“bool”混合不安全
     1>c:\users\administrator\downloads\编程源码\编程源码\三层\helmet-fcem\helmet-fcem\zhibiao.cpp(316): warning C4805: “==”: 在操作中将类型“BOOL”与类型“bool”混合不安全
     1>c:\users\administrator\downloads\编程源码\编程源码\三层\helmet-fcem\helmet-fcem\zhibiao.cpp(317): warning C4805: “==”: 在操作中将类型“BOOL”与类型“bool”混合不安全
     1>c:\users\administrator\downloads\编程源码\编程源码\三层\helmet-fcem\helmet-fcem\zhibiao.cpp(318): warning C4805: “==”: 在操作中将类型“BOOL”与类型“bool”混合不安全
     1>c:\users\administrator\downloads\编程源码\编程源码\三层\helmet-fcem\helmet-fcem\zhibiao.cpp(319): warning C4805: “==”: 在操作中将类型“BOOL”与类型“bool”混合不安全
     1>c:\users\administrator\downloads\编程源码\编程源码\三层\helmet-fcem\helmet-fcem\zhibiao.cpp(320): warning C4805: “==”: 在操作中将类型“BOOL”与类型“bool”混合不安全
     1>c:\users\administrator\downloads\编程源码\编程源码\三层\helmet-fcem\helmet-fcem\zhibiao.cpp(321): warning C4805: “==”: 在操作中将类型“BOOL”与类型“bool”混合不安全
     1>c:\users\administrator\downloads\编程源码\编程源码\三层\helmet-fcem\helmet-fcem\zhibiao.cpp(322): warning C4805: “==”: 在操作中将类型“BOOL”与类型“bool”混合不安全
     1>c:\users\administrator\downloads\编程源码\编程源码\三层\helmet-fcem\helmet-fcem\zhibiao.cpp(323): warning C4805: “==”: 在操作中将类型“BOOL”与类型“bool”混合不安全
     1>c:\users\administrator\downloads\编程源码\编程源码\三层\helmet-fcem\helmet-fcem\zhibiao.cpp(324): warning C4805: “==”: 在操作中将类型“BOOL”与类型“bool”混合不安全
     1>c:\users\administrator\downloads\编程源码\编程源码\三层\helmet-fcem\helmet-fcem\zhibiao.cpp(325): warning C4805: “==”: 在操作中将类型“BOOL”与类型“bool”混合不安全
     1>c:\users\administrator\downloads\编程源码\编程源码\三层\helmet-fcem\helmet-fcem\zhibiao.cpp(326): warning C4805: “==”: 在操作中将类型“BOOL”与类型“bool”混合不安全
     1>c:\users\administrator\downloads\编程源码\编程源码\三层\helmet-fcem\helmet-fcem\zhibiao.cpp(327): warning C4805: “==”: 在操作中将类型“BOOL”与类型“bool”混合不安全
     1>c:\users\administrator\downloads\编程源码\编程源码\三层\helmet-fcem\helmet-fcem\zhibiao.cpp(328): warning C4805: “==”: 在操作中将类型“BOOL”与类型“bool”混合不安全
     1>c:\users\administrator\downloads\编程源码\编程源码\三层\helmet-fcem\helmet-fcem\zhibiao.cpp(329): warning C4805: “==”: 在操作中将类型“BOOL”与类型“bool”混合不安全
     1>c:\users\administrator\downloads\编程源码\编程源码\三层\helmet-fcem\helmet-fcem\zhibiao.cpp(330): warning C4805: “==”: 在操作中将类型“BOOL”与类型“bool”混合不安全
     1>c:\users\administrator\downloads\编程源码\编程源码\三层\helmet-fcem\helmet-fcem\zhibiao.cpp(331): warning C4805: “==”: 在操作中将类型“BOOL”与类型“bool”混合不安全
     1>c:\users\administrator\downloads\编程源码\编程源码\三层\helmet-fcem\helmet-fcem\zhibiao.cpp(332): warning C4805: “==”: 在操作中将类型“BOOL”与类型“bool”混合不安全
     1>c:\users\administrator\downloads\编程源码\编程源码\三层\helmet-fcem\helmet-fcem\zhibiao.cpp(333): warning C4805: “==”: 在操作中将类型“BOOL”与类型“bool”混合不安全
     1>c:\users\administrator\downloads\编程源码\编程源码\三层\helmet-fcem\helmet-fcem\zhibiao.cpp(334): warning C4805: “==”: 在操作中将类型“BOOL”与类型“bool”混合不安全
     1>c:\users\administrator\downloads\编程源码\编程源码\三层\helmet-fcem\helmet-fcem\zhibiao.cpp(335): warning C4805: “==”: 在操作中将类型“BOOL”与类型“bool”混合不安全
     1>c:\users\administrator\downloads\编程源码\编程源码\三层\helmet-fcem\helmet-fcem\zhibiao.cpp(336): warning C4805: “==”: 在操作中将类型“BOOL”与类型“bool”混合不安全
     1>c:\users\administrator\downloads\编程源码\编程源码\三层\helmet-fcem\helmet-fcem\zhibiao.cpp(337): warning C4805: “==”: 在操作中将类型“BOOL”与类型“bool”混合不安全
     1>c:\users\administrator\downloads\编程源码\编程源码\三层\helmet-fcem\helmet-fcem\zhibiao.cpp(338): warning C4805: “==”: 在操作中将类型“BOOL”与类型“bool”混合不安全
     1>c:\users\administrator\downloads\编程源码\编程源码\三层\helmet-fcem\helmet-fcem\zhibiao.cpp(339): warning C4805: “==”: 在操作中将类型“BOOL”与类型“bool”混合不安全
     1>c:\users\administrator\downloads\编程源码\编程源码\三层\helmet-fcem\helmet-fcem\zhibiao.cpp(340): warning C4805: “==”: 在操作中将类型“BOOL”与类型“bool”混合不安全
     1>c:\users\administrator\downloads\编程源码\编程源码\三层\helmet-fcem\helmet-fcem\zhibiao.cpp(341): warning C4805: “==”: 在操作中将类型“BOOL”与类型“bool”混合不安全
     1>c:\users\administrator\downloads\编程源码\编程源码\三层\helmet-fcem\helmet-fcem\zhibiao.cpp(342): warning C4805: “==”: 在操作中将类型“BOOL”与类型“bool”混合不安全
     1>c:\users\administrator\downloads\编程源码\编程源码\三层\helmet-fcem\helmet-fcem\zhibiao.cpp(343): warning C4805: “==”: 在操作中将类型“BOOL”与类型“bool”混合不安全
     1>c:\users\administrator\downloads\编程源码\编程源码\三层\helmet-fcem\helmet-fcem\zhibiao.cpp(344): warning C4805: “==”: 在操作中将类型“BOOL”与类型“bool”混合不安全
     1>c:\users\administrator\downloads\编程源码\编程源码\三层\helmet-fcem\helmet-fcem\zhibiao.cpp(345): warning C4805: “==”: 在操作中将类型“BOOL”与类型“bool”混合不安全
     1>c:\users\administrator\downloads\编程源码\编程源码\三层\helmet-fcem\helmet-fcem\zhibiao.cpp(346): warning C4805: “==”: 在操作中将类型“BOOL”与类型“bool”混合不安全
     1>c:\users\administrator\downloads\编程源码\编程源码\三层\helmet-fcem\helmet-fcem\zhibiao.cpp(347): warning C4805: “==”: 在操作中将类型“BOOL”与类型“bool”混合不安全
     1>c:\users\administrator\downloads\编程源码\编程源码\三层\helmet-fcem\helmet-fcem\zhibiao.cpp(348): warning C4805: “==”: 在操作中将类型“BOOL”与类型“bool”混合不安全
     1>c:\users\administrator\downloads\编程源码\编程源码\三层\helmet-fcem\helmet-fcem\zhibiao.cpp(357): warning C4805: “==”: 在操作中将类型“BOOL”与类型“bool”混合不安全
     1>c:\users\administrator\downloads\编程源码\编程源码\三层\helmet-fcem\helmet-fcem\zhibiao.cpp(358): warning C4805: “==”: 在操作中将类型“BOOL”与类型“bool”混合不安全
     1>c:\users\administrator\downloads\编程源码\编程源码\三层\helmet-fcem\helmet-fcem\zhibiao.cpp(359): warning C4805: “==”: 在操作中将类型“BOOL”与类型“bool”混合不安全
     1>c:\users\administrator\downloads\编程源码\编程源码\三层\helmet-fcem\helmet-fcem\zhibiao.cpp(360): warning C4805: “==”: 在操作中将类型“BOOL”与类型“bool”混合不安全
     1>c:\users\administrator\downloads\编程源码\编程源码\三层\helmet-fcem\helmet-fcem\zhibiao.cpp(361): warning C4805: “==”: 在操作中将类型“BOOL”与类型“bool”混合不安全
     1>c:\users\administrator\downloads\编程源码\编程源码\三层\helmet-fcem\helmet-fcem\zhibiao.cpp(362): warning C4805: “==”: 在操作中将类型“BOOL”与类型“bool”混合不安全
     1>c:\users\administrator\downloads\编程源码\编程源码\三层\helmet-fcem\helmet-fcem\zhibiao.cpp(363): warning C4805: “==”: 在操作中将类型“BOOL”与类型“bool”混合不安全
     1>c:\users\administrator\downloads\编程源码\编程源码\三层\helmet-fcem\helmet-fcem\zhibiao.cpp(364): warning C4805: “==”: 在操作中将类型“BOOL”与类型“bool”混合不安全
     1>c:\users\administrator\downloads\编程源码\编程源码\三层\helmet-fcem\helmet-fcem\zhibiao.cpp(365): warning C4805: “==”: 在操作中将类型“BOOL”与类型“bool”混合不安全
     1>c:\users\administrator\downloads\编程源码\编程源码\三层\helmet-fcem\helmet-fcem\zhibiao.cpp(366): warning C4805: “==”: 在操作中将类型“BOOL”与类型“bool”混合不安全
     1>c:\users\administrator\downloads\编程源码\编程源码\三层\helmet-fcem\helmet-fcem\zhibiao.cpp(367): warning C4805: “==”: 在操作中将类型“BOOL”与类型“bool”混合不安全
     1>c:\users\administrator\downloads\编程源码\编程源码\三层\helmet-fcem\helmet-fcem\zhibiao.cpp(368): warning C4805: “==”: 在操作中将类型“BOOL”与类型“bool”混合不安全
     1>c:\users\administrator\downloads\编程源码\编程源码\三层\helmet-fcem\helmet-fcem\zhibiao.cpp(369): warning C4805: “==”: 在操作中将类型“BOOL”与类型“bool”混合不安全
     1>c:\users\administrator\downloads\编程源码\编程源码\三层\helmet-fcem\helmet-fcem\zhibiao.cpp(370): warning C4805: “==”: 在操作中将类型“BOOL”与类型“bool”混合不安全
     1>c:\users\administrator\downloads\编程源码\编程源码\三层\helmet-fcem\helmet-fcem\zhibiao.cpp(371): warning C4805: “==”: 在操作中将类型“BOOL”与类型“bool”混合不安全
     1>c:\users\administrator\downloads\编程源码\编程源码\三层\helmet-fcem\helmet-fcem\zhibiao.cpp(372): warning C4805: “==”: 在操作中将类型“BOOL”与类型“bool”混合不安全
     1>c:\users\administrator\downloads\编程源码\编程源码\三层\helmet-fcem\helmet-fcem\zhibiao.cpp(373): warning C4805: “==”: 在操作中将类型“BOOL”与类型“bool”混合不安全
     1>c:\users\administrator\downloads\编程源码\编程源码\三层\helmet-fcem\helmet-fcem\zhibiao.cpp(374): warning C4805: “==”: 在操作中将类型“BOOL”与类型“bool”混合不安全
     1>c:\users\administrator\downloads\编程源码\编程源码\三层\helmet-fcem\helmet-fcem\zhibiao.cpp(375): warning C4805: “==”: 在操作中将类型“BOOL”与类型“bool”混合不安全
     1>c:\users\administrator\downloads\编程源码\编程源码\三层\helmet-fcem\helmet-fcem\zhibiao.cpp(376): warning C4805: “==”: 在操作中将类型“BOOL”与类型“bool”混合不安全
     1>c:\users\administrator\downloads\编程源码\编程源码\三层\helmet-fcem\helmet-fcem\zhibiao.cpp(377): warning C4805: “==”: 在操作中将类型“BOOL”与类型“bool”混合不安全
     1>c:\users\administrator\downloads\编程源码\编程源码\三层\helmet-fcem\helmet-fcem\zhibiao.cpp(378): warning C4805: “==”: 在操作中将类型“BOOL”与类型“bool”混合不安全
     1>c:\users\administrator\downloads\编程源码\编程源码\三层\helmet-fcem\helmet-fcem\zhibiao.cpp(379): warning C4805: “==”: 在操作中将类型“BOOL”与类型“bool”混合不安全
     1>c:\users\administrator\downloads\编程源码\编程源码\三层\helmet-fcem\helmet-fcem\zhibiao.cpp(380): warning C4805: “==”: 在操作中将类型“BOOL”与类型“bool”混合不安全
     1>c:\users\administrator\downloads\编程源码\编程源码\三层\helmet-fcem\helmet-fcem\zhibiao.cpp(381): warning C4805: “==”: 在操作中将类型“BOOL”与类型“bool”混合不安全
     1>c:\users\administrator\downloads\编程源码\编程源码\三层\helmet-fcem\helmet-fcem\zhibiao.cpp(382): warning C4805: “==”: 在操作中将类型“BOOL”与类型“bool”混合不安全
     1>c:\users\administrator\downloads\编程源码\编程源码\三层\helmet-fcem\helmet-fcem\zhibiao.cpp(383): warning C4805: “==”: 在操作中将类型“BOOL”与类型“bool”混合不安全
     1>c:\users\administrator\downloads\编程源码\编程源码\三层\helmet-fcem\helmet-fcem\zhibiao.cpp(384): warning C4805: “==”: 在操作中将类型“BOOL”与类型“bool”混合不安全
     1>c:\users\administrator\downloads\编程源码\编程源码\三层\helmet-fcem\helmet-fcem\zhibiao.cpp(385): warning C4805: “==”: 在操作中将类型“BOOL”与类型“bool”混合不安全
     1>c:\users\administrator\downloads\编程源码\编程源码\三层\helmet-fcem\helmet-fcem\zhibiao.cpp(386): warning C4805: “==”: 在操作中将类型“BOOL”与类型“bool”混合不安全
     1>c:\users\administrator\downloads\编程源码\编程源码\三层\helmet-fcem\helmet-fcem\zhibiao.cpp(387): warning C4805: “==”: 在操作中将类型“BOOL”与类型“bool”混合不安全
     1>c:\users\administrator\downloads\编程源码\编程源码\三层\helmet-fcem\helmet-fcem\zhibiao.cpp(388): warning C4805: “==”: 在操作中将类型“BOOL”与类型“bool”混合不安全
     1>c:\users\administrator\downloads\编程源码\编程源码\三层\helmet-fcem\helmet-fcem\zhibiao.cpp(389): warning C4805: “==”: 在操作中将类型“BOOL”与类型“bool”混合不安全
     1>c:\users\administrator\downloads\编程源码\编程源码\三层\helmet-fcem\helmet-fcem\zhibiao.cpp(390): warning C4805: “==”: 在操作中将类型“BOOL”与类型“bool”混合不安全
     1>c:\users\administrator\downloads\编程源码\编程源码\三层\helmet-fcem\helmet-fcem\zhibiao.cpp(391): warning C4805: “==”: 在操作中将类型“BOOL”与类型“bool”混合不安全
     1>c:\users\administrator\downloads\编程源码\编程源码\三层\helmet-fcem\helmet-fcem\zhibiao.cpp(392): warning C4805: “==”: 在操作中将类型“BOOL”与类型“bool”混合不安全
     1>c:\users\administrator\downloads\编程源码\编程源码\三层\helmet-fcem\helmet-fcem\zhibiao.cpp(393): warning C4805: “==”: 在操作中将类型“BOOL”与类型“bool”混合不安全
     1>c:\users\administrator\downloads\编程源码\编程源码\三层\helmet-fcem\helmet-fcem\zhibiao.cpp(394): warning C4805: “==”: 在操作中将类型“BOOL”与类型“bool”混合不安全
     1>c:\users\administrator\downloads\编程源码\编程源码\三层\helmet-fcem\helmet-fcem\zhibiao.cpp(395): warning C4805: “==”: 在操作中将类型“BOOL”与类型“bool”混合不安全
     1>c:\users\administrator\downloads\编程源码\编程源码\三层\helmet-fcem\helmet-fcem\zhibiao.cpp(396): warning C4805: “==”: 在操作中将类型“BOOL”与类型“bool”混合不安全
     1>c:\users\administrator\downloads\编程源码\编程源码\三层\helmet-fcem\helmet-fcem\zhibiao.cpp(397): warning C4805: “==”: 在操作中将类型“BOOL”与类型“bool”混合不安全
     1>c:\users\administrator\downloads\编程源码\编程源码\三层\helmet-fcem\helmet-fcem\zhibiao.cpp(398): warning C4805: “==”: 在操作中将类型“BOOL”与类型“bool”混合不安全
     1>c:\users\administrator\downloads\编程源码\编程源码\三层\helmet-fcem\helmet-fcem\zhibiao.cpp(399): warning C4805: “==”: 在操作中将类型“BOOL”与类型“bool”混合不安全
     1>c:\users\administrator\downloads\编程源码\编程源码\三层\helmet-fcem\helmet-fcem\zhibiao.cpp(400): warning C4805: “==”: 在操作中将类型“BOOL”与类型“bool”混合不安全
     1>c:\users\administrator\downloads\编程源码\编程源码\三层\helmet-fcem\helmet-fcem\zhibiao.cpp(401): warning C4805: “==”: 在操作中将类型“BOOL”与类型“bool”混合不安全
     1>c:\users\administrator\downloads\编程源码\编程源码\三层\helmet-fcem\helmet-fcem\zhibiao.cpp(402): warning C4805: “==”: 在操作中将类型“BOOL”与类型“bool”混合不安全
     1>c:\users\administrator\downloads\编程源码\编程源码\三层\helmet-fcem\helmet-fcem\zhibiao.cpp(403): warning C4805: “==”: 在操作中将类型“BOOL”与类型“bool”混合不安全
     1>c:\users\administrator\downloads\编程源码\编程源码\三层\helmet-fcem\helmet-fcem\zhibiao.cpp(404): warning C4805: “==”: 在操作中将类型“BOOL”与类型“bool”混合不安全
     1>c:\users\administrator\downloads\编程源码\编程源码\三层\helmet-fcem\helmet-fcem\zhibiao.cpp(405): warning C4805: “==”: 在操作中将类型“BOOL”与类型“bool”混合不安全
     1>c:\users\administrator\downloads\编程源码\编程源码\三层\helmet-fcem\helmet-fcem\zhibiao.cpp(406): warning C4805: “==”: 在操作中将类型“BOOL”与类型“bool”混合不安全
     1>c:\users\administrator\downloads\编程源码\编程源码\三层\helmet-fcem\helmet-fcem\zhibiao.cpp(407): warning C4805: “==”: 在操作中将类型“BOOL”与类型“bool”混合不安全
     1>c:\users\administrator\downloads\编程源码\编程源码\三层\helmet-fcem\helmet-fcem\zhibiao.cpp(408): warning C4805: “==”: 在操作中将类型“BOOL”与类型“bool”混合不安全
     1>c:\users\administrator\downloads\编程源码\编程源码\三层\helmet-fcem\helmet-fcem\zhibiao.cpp(409): warning C4805: “==”: 在操作中将类型“BOOL”与类型“bool”混合不安全
     1>c:\users\administrator\downloads\编程源码\编程源码\三层\helmet-fcem\helmet-fcem\zhibiao.cpp(410): warning C4805: “==”: 在操作中将类型“BOOL”与类型“bool”混合不安全
     1>c:\users\administrator\downloads\编程源码\编程源码\三层\helmet-fcem\helmet-fcem\zhibiao.cpp(411): warning C4805: “==”: 在操作中将类型“BOOL”与类型“bool”混合不安全
     1>c:\users\administrator\downloads\编程源码\编程源码\三层\helmet-fcem\helmet-fcem\zhibiao.cpp(412): warning C4805: “==”: 在操作中将类型“BOOL”与类型“bool”混合不安全
     1>c:\users\administrator\downloads\编程源码\编程源码\三层\helmet-fcem\helmet-fcem\zhibiao.cpp(413): warning C4805: “==”: 在操作中将类型“BOOL”与类型“bool”混合不安全
     1>c:\users\administrator\downloads\编程源码\编程源码\三层\helmet-fcem\helmet-fcem\zhibiao.cpp(426): warning C4805: “==”: 在操作中将类型“BOOL”与类型“bool”混合不安全
     1>c:\users\administrator\downloads\编程源码\编程源码\三层\helmet-fcem\helmet-fcem\zhibiao.cpp(427): warning C4805: “==”: 在操作中将类型“BOOL”与类型“bool”混合不安全
     1>c:\users\administrator\downloads\编程源码\编程源码\三层\helmet-fcem\helmet-fcem\zhibiao.cpp(428): warning C4805: “==”: 在操作中将类型“BOOL”与类型“bool”混合不安全
     1>c:\users\administrator\downloads\编程源码\编程源码\三层\helmet-fcem\helmet-fcem\zhibiao.cpp(429): warning C4805: “==”: 在操作中将类型“BOOL”与类型“bool”混合不安全
     1>c:\users\administrator\downloads\编程源码\编程源码\三层\helmet-fcem\helmet-fcem\zhibiao.cpp(430): warning C4805: “==”: 在操作中将类型“BOOL”与类型“bool”混合不安全
     1>c:\users\administrator\downloads\编程源码\编程源码\三层\helmet-fcem\helmet-fcem\zhibiao.cpp(431): warning C4805: “==”: 在操作中将类型“BOOL”与类型“bool”混合不安全
     1>c:\users\administrator\downloads\编程源码\编程源码\三层\helmet-fcem\helmet-fcem\zhibiao.cpp(432): warning C4805: “==”: 在操作中将类型“BOOL”与类型“bool”混合不安全
     1>c:\users\administrator\downloads\编程源码\编程源码\三层\helmet-fcem\helmet-fcem\zhibiao.cpp(433): warning C4805: “==”: 在操作中将类型“BOOL”与类型“bool”混合不安全
     1>c:\users\administrator\downloads\编程源码\编程源码\三层\helmet-fcem\helmet-fcem\zhibiao.cpp(434): warning C4805: “==”: 在操作中将类型“BOOL”与类型“bool”混合不安全
     1>c:\users\administrator\downloads\编程源码\编程源码\三层\helmet-fcem\helmet-fcem\zhibiao.cpp(435): warning C4805: “==”: 在操作中将类型“BOOL”与类型“bool”混合不安全
     1>c:\users\administrator\downloads\编程源码\编程源码\三层\helmet-fcem\helmet-fcem\zhibiao.cpp(436): warning C4805: “==”: 在操作中将类型“BOOL”与类型“bool”混合不安全
     1>c:\users\administrator\downloads\编程源码\编程源码\三层\helmet-fcem\helmet-fcem\zhibiao.cpp(437): warning C4805: “==”: 在操作中将类型“BOOL”与类型“bool”混合不安全
     1>c:\users\administrator\downloads\编程源码\编程源码\三层\helmet-fcem\helmet-fcem\zhibiao.cpp(438): warning C4805: “==”: 在操作中将类型“BOOL”与类型“bool”混合不安全
     1>c:\users\administrator\downloads\编程源码\编程源码\三层\helmet-fcem\helmet-fcem\zhibiao.cpp(439): warning C4805: “==”: 在操作中将类型“BOOL”与类型“bool”混合不安全
     1>c:\users\administrator\downloads\编程源码\编程源码\三层\helmet-fcem\helmet-fcem\zhibiao.cpp(440): warning C4805: “==”: 在操作中将类型“BOOL”与类型“bool”混合不安全
     1>c:\users\administrator\downloads\编程源码\编程源码\三层\helmet-fcem\helmet-fcem\zhibiao.cpp(441): warning C4805: “==”: 在操作中将类型“BOOL”与类型“bool”混合不安全
     1>c:\users\administrator\downloads\编程源码\编程源码\三层\helmet-fcem\helmet-fcem\zhibiao.cpp(442): warning C4805: “==”: 在操作中将类型“BOOL”与类型“bool”混合不安全
     1>c:\users\administrator\downloads\编程源码\编程源码\三层\helmet-fcem\helmet-fcem\zhibiao.cpp(443): warning C4805: “==”: 在操作中将类型“BOOL”与类型“bool”混合不安全
     1>c:\users\administrator\downloads\编程源码\编程源码\三层\helmet-fcem\helmet-fcem\zhibiao.cpp(444): warning C4805: “==”: 在操作中将类型“BOOL”与类型“bool”混合不安全
     1>c:\users\administrator\downloads\编程源码\编程源码\三层\helmet-fcem\helmet-fcem\zhibiao.cpp(445): warning C4805: “==”: 在操作中将类型“BOOL”与类型“bool”混合不安全
     1>c:\users\administrator\downloads\编程源码\编程源码\三层\helmet-fcem\helmet-fcem\zhibiao.cpp(446): warning C4805: “==”: 在操作中将类型“BOOL”与类型“bool”混合不安全
     1>c:\users\administrator\downloads\编程源码\编程源码\三层\helmet-fcem\helmet-fcem\zhibiao.cpp(447): warning C4805: “==”: 在操作中将类型“BOOL”与类型“bool”混合不安全
     1>c:\users\administrator\downloads\编程源码\编程源码\三层\helmet-fcem\helmet-fcem\zhibiao.cpp(448): warning C4805: “==”: 在操作中将类型“BOOL”与类型“bool”混合不安全
     1>c:\users\administrator\downloads\编程源码\编程源码\三层\helmet-fcem\helmet-fcem\zhibiao.cpp(449): warning C4805: “==”: 在操作中将类型“BOOL”与类型“bool”混合不安全
     1>c:\users\administrator\downloads\编程源码\编程源码\三层\helmet-fcem\helmet-fcem\zhibiao.cpp(450): warning C4805: “==”: 在操作中将类型“BOOL”与类型“bool”混合不安全
     1>c:\users\administrator\downloads\编程源码\编程源码\三层\helmet-fcem\helmet-fcem\zhibiao.cpp(451): warning C4805: “==”: 在操作中将类型“BOOL”与类型“bool”混合不安全
     1>c:\users\administrator\downloads\编程源码\编程源码\三层\helmet-fcem\helmet-fcem\zhibiao.cpp(452): warning C4805: “==”: 在操作中将类型“BOOL”与类型“bool”混合不安全
     1>c:\users\administrator\downloads\编程源码\编程源码\三层\helmet-fcem\helmet-fcem\zhibiao.cpp(453): warning C4805: “==”: 在操作中将类型“BOOL”与类型“bool”混合不安全
     1>c:\users\administrator\downloads\编程源码\编程源码\三层\helmet-fcem\helmet-fcem\zhibiao.cpp(454): warning C4805: “==”: 在操作中将类型“BOOL”与类型“bool”混合不安全
     1>c:\users\administrator\downloads\编程源码\编程源码\三层\helmet-fcem\helmet-fcem\zhibiao.cpp(455): warning C4805: “==”: 在操作中将类型“BOOL”与类型“bool”混合不安全
     1>c:\users\administrator\downloads\编程源码\编程源码\三层\helmet-fcem\helmet-fcem\zhibiao.cpp(456): warning C4805: “==”: 在操作中将类型“BOOL”与类型“bool”混合不安全
     1>c:\users\administrator\downloads\编程源码\编程源码\三层\helmet-fcem\helmet-fcem\zhibiao.cpp(457): warning C4805: “==”: 在操作中将类型“BOOL”与类型“bool”混合不安全
     1>c:\users\administrator\downloads\编程源码\编程源码\三层\helmet-fcem\helmet-fcem\zhibiao.cpp(458): warning C4805: “==”: 在操作中将类型“BOOL”与类型“bool”混合不安全
     1>c:\users\administrator\downloads\编程源码\编程源码\三层\helmet-fcem\helmet-fcem\zhibiao.cpp(459): warning C4805: “==”: 在操作中将类型“BOOL”与类型“bool”混合不安全
     1>c:\users\administrator\downloads\编程源码\编程源码\三层\helmet-fcem\helmet-fcem\zhibiao.cpp(460): warning C4805: “==”: 在操作中将类型“BOOL”与类型“bool”混合不安全
     1>c:\users\administrator\downloads\编程源码\编程源码\三层\helmet-fcem\helmet-fcem\zhibiao.cpp(461): warning C4805: “==”: 在操作中将类型“BOOL”与类型“bool”混合不安全
     1>c:\users\administrator\downloads\编程源码\编程源码\三层\helmet-fcem\helmet-fcem\zhibiao.cpp(462): warning C4805: “==”: 在操作中将类型“BOOL”与类型“bool”混合不安全
     1>c:\users\administrator\downloads\编程源码\编程源码\三层\helmet-fcem\helmet-fcem\zhibiao.cpp(463): warning C4805: “==”: 在操作中将类型“BOOL”与类型“bool”混合不安全
     1>c:\users\administrator\downloads\编程源码\编程源码\三层\helmet-fcem\helmet-fcem\zhibiao.cpp(464): warning C4805: “==”: 在操作中将类型“BOOL”与类型“bool”混合不安全
     1>c:\users\administrator\downloads\编程源码\编程源码\三层\helmet-fcem\helmet-fcem\zhibiao.cpp(465): warning C4805: “==”: 在操作中将类型“BOOL”与类型“bool”混合不安全
     1>c:\users\administrator\downloads\编程源码\编程源码\三层\helmet-fcem\helmet-fcem\zhibiao.cpp(466): warning C4805: “==”: 在操作中将类型“BOOL”与类型“bool”混合不安全
     1>c:\users\administrator\downloads\编程源码\编程源码\三层\helmet-fcem\helmet-fcem\zhibiao.cpp(467): warning C4805: “==”: 在操作中将类型“BOOL”与类型“bool”混合不安全
     1>c:\users\administrator\downloads\编程源码\编程源码\三层\helmet-fcem\helmet-fcem\zhibiao.cpp(468): warning C4805: “==”: 在操作中将类型“BOOL”与类型“bool”混合不安全
     1>c:\users\administrator\downloads\编程源码\编程源码\三层\helmet-fcem\helmet-fcem\zhibiao.cpp(469): warning C4805: “==”: 在操作中将类型“BOOL”与类型“bool”混合不安全
     1>c:\users\administrator\downloads\编程源码\编程源码\三层\helmet-fcem\helmet-fcem\zhibiao.cpp(470): warning C4805: “==”: 在操作中将类型“BOOL”与类型“bool”混合不安全
     1>c:\users\administrator\downloads\编程源码\编程源码\三层\helmet-fcem\helmet-fcem\zhibiao.cpp(471): warning C4805: “==”: 在操作中将类型“BOOL”与类型“bool”混合不安全
     1>c:\users\administrator\downloads\编程源码\编程源码\三层\helmet-fcem\helmet-fcem\zhibiao.cpp(472): warning C4805: “==”: 在操作中将类型“BOOL”与类型“bool”混合不安全
     1>c:\users\administrator\downloads\编程源码\编程源码\三层\helmet-fcem\helmet-fcem\zhibiao.cpp(473): warning C4805: “==”: 在操作中将类型“BOOL”与类型“bool”混合不安全
     1>c:\users\administrator\downloads\编程源码\编程源码\三层\helmet-fcem\helmet-fcem\zhibiao.cpp(474): warning C4805: “==”: 在操作中将类型“BOOL”与类型“bool”混合不安全
     1>c:\users\administrator\downloads\编程源码\编程源码\三层\helmet-fcem\helmet-fcem\zhibiao.cpp(475): warning C4805: “==”: 在操作中将类型“BOOL”与类型“bool”混合不安全
     1>c:\users\administrator\downloads\编程源码\编程源码\三层\helmet-fcem\helmet-fcem\zhibiao.cpp(476): warning C4805: “==”: 在操作中将类型“BOOL”与类型“bool”混合不安全
     1>c:\users\administrator\downloads\编程源码\编程源码\三层\helmet-fcem\helmet-fcem\zhibiao.cpp(477): warning C4805: “==”: 在操作中将类型“BOOL”与类型“bool”混合不安全
     1>c:\users\administrator\downloads\编程源码\编程源码\三层\helmet-fcem\helmet-fcem\zhibiao.cpp(478): warning C4805: “==”: 在操作中将类型“BOOL”与类型“bool”混合不安全
     1>c:\users\administrator\downloads\编程源码\编程源码\三层\helmet-fcem\helmet-fcem\zhibiao.cpp(479): warning C4805: “==”: 在操作中将类型“BOOL”与类型“bool”混合不安全
     1>c:\users\administrator\downloads\编程源码\编程源码\三层\helmet-fcem\helmet-fcem\zhibiao.cpp(480): warning C4805: “==”: 在操作中将类型“BOOL”与类型“bool”混合不安全
     1>c:\users\administrator\downloads\编程源码\编程源码\三层\helmet-fcem\helmet-fcem\zhibiao.cpp(481): warning C4805: “==”: 在操作中将类型“BOOL”与类型“bool”混合不安全
     1>c:\users\administrator\downloads\编程源码\编程源码\三层\helmet-fcem\helmet-fcem\zhibiao.cpp(482): warning C4805: “==”: 在操作中将类型“BOOL”与类型“bool”混合不安全
     1>c:\users\administrator\downloads\编程源码\编程源码\三层\helmet-fcem\helmet-fcem\zhibiao.cpp(483): warning C4102: “CDialog”: 未引用的标签
         Step4dialog.cpp
     1>c:\users\administrator\downloads\编程源码\编程源码\三层\helmet-fcem\helmet-fcem\step4dialog.cpp(218): warning C4804: “<”: 在操作中使用类型“bool”不安全
     1>c:\users\administrator\downloads\编程源码\编程源码\三层\helmet-fcem\helmet-fcem\step4dialog.cpp(186): warning C4101: “k”: 未引用的局部变量
     1>c:\users\administrator\downloads\编程源码\编程源码\三层\helmet-fcem\helmet-fcem\step4dialog.cpp(239): warning C4244: “=”: 从“double”转换到“float”，可能丢失数据
     1>c:\users\administrator\downloads\编程源码\编程源码\三层\helmet-fcem\helmet-fcem\step4dialog.cpp(249): warning C4804: “<”: 在操作中使用类型“bool”不安全
     1>c:\users\administrator\downloads\编程源码\编程源码\三层\helmet-fcem\helmet-fcem\step4dialog.cpp(228): warning C4101: “k”: 未引用的局部变量
     1>c:\users\administrator\downloads\编程源码\编程源码\三层\helmet-fcem\helmet-fcem\step4dialog.cpp(287): warning C4804: “<”: 在操作中使用类型“bool”不安全
     1>c:\users\administrator\downloads\编程源码\编程源码\三层\helmet-fcem\helmet-fcem\step4dialog.cpp(259): warning C4101: “k”: 未引用的局部变量
     1>c:\users\administrator\downloads\编程源码\编程源码\三层\helmet-fcem\helmet-fcem\step4dialog.cpp(316): warning C4804: “<”: 在操作中使用类型“bool”不安全
     1>c:\users\administrator\downloads\编程源码\编程源码\三层\helmet-fcem\helmet-fcem\step4dialog.cpp(297): warning C4101: “k”: 未引用的局部变量
         Step3dialog.cpp
     1>c:\users\administrator\downloads\编程源码\编程源码\三层\helmet-fcem\helmet-fcem\step3dialog.cpp(504): warning C4244: “=”: 从“double”转换到“float”，可能丢失数据
     1>c:\users\administrator\downloads\编程源码\编程源码\三层\helmet-fcem\helmet-fcem\step3dialog.cpp(488): warning C4101: “xss”: 未引用的局部变量
     1>c:\users\administrator\downloads\编程源码\编程源码\三层\helmet-fcem\helmet-fcem\step3dialog.cpp(488): warning C4101: “xs”: 未引用的局部变量
     1>c:\users\administrator\downloads\编程源码\编程源码\三层\helmet-fcem\helmet-fcem\step3dialog.cpp(488): warning C4101: “zs”: 未引用的局部变量
         Step2dialog.cpp
     1>c:\users\administrator\downloads\编程源码\编程源码\三层\helmet-fcem\helmet-fcem\step2dialog.cpp(568): warning C4244: “=”: 从“double”转换到“float”，可能丢失数据
     1>c:\users\administrator\downloads\编程源码\编程源码\三层\helmet-fcem\helmet-fcem\step2dialog.cpp(556): warning C4101: “xss”: 未引用的局部变量
     1>c:\users\administrator\downloads\编程源码\编程源码\三层\helmet-fcem\helmet-fcem\step2dialog.cpp(556): warning C4101: “xs”: 未引用的局部变量
     1>c:\users\administrator\downloads\编程源码\编程源码\三层\helmet-fcem\helmet-fcem\step2dialog.cpp(556): warning C4101: “zs”: 未引用的局部变量
     1>c:\users\administrator\downloads\编程源码\编程源码\三层\helmet-fcem\helmet-fcem\step2dialog.cpp(556): warning C4101: “j”: 未引用的局部变量
         Step1dialog.cpp
     1>c:\users\administrator\downloads\编程源码\编程源码\三层\helmet-fcem\helmet-fcem\step1dialog.cpp(219): warning C4101: “ptrMenu”: 未引用的局部变量
     1>c:\users\administrator\downloads\编程源码\编程源码\三层\helmet-fcem\helmet-fcem\step1dialog.cpp(330): warning C4101: “len”: 未引用的局部变量
     1>c:\users\administrator\downloads\编程源码\编程源码\三层\helmet-fcem\helmet-fcem\step1dialog.cpp(778): warning C4101: “len”: 未引用的局部变量
     1>c:\users\administrator\downloads\编程源码\编程源码\三层\helmet-fcem\helmet-fcem\step1dialog.cpp(827): warning C4101: “hNew”: 未引用的局部变量
     1>c:\users\administrator\downloads\编程源码\编程源码\三层\helmet-fcem\helmet-fcem\step1dialog.cpp(807): warning C4101: “b”: 未引用的局部变量
     1>c:\users\administrator\downloads\编程源码\编程源码\三层\helmet-fcem\helmet-fcem\step1dialog.cpp(1163): warning C4101: “ptrMenu”: 未引用的局部变量
     1>c:\users\administrator\downloads\编程源码\编程源码\三层\helmet-fcem\helmet-fcem\step1dialog.cpp(1666): warning C4101: “len”: 未引用的局部变量
         Main.cpp
     1>c:\users\administrator\downloads\编程源码\编程源码\三层\helmet-fcem\helmet-fcem\main.cpp(1046): warning C4101: “point”: 未引用的局部变量
     1>c:\users\administrator\downloads\编程源码\编程源码\三层\helmet-fcem\helmet-fcem\main.cpp(1045): warning C4101: “len4”: 未引用的局部变量
     1>c:\users\administrator\downloads\编程源码\编程源码\三层\helmet-fcem\helmet-fcem\main.cpp(1047): warning C4101: “line4”: 未引用的局部变量
     1>c:\users\administrator\downloads\编程源码\编程源码\三层\helmet-fcem\helmet-fcem\main.cpp(1047): warning C4101: “line”: 未引用的局部变量
     1>c:\users\administrator\downloads\编程源码\编程源码\三层\helmet-fcem\helmet-fcem\main.cpp(1047): warning C4101: “line3”: 未引用的局部变量
     1>c:\users\administrator\downloads\编程源码\编程源码\三层\helmet-fcem\helmet-fcem\main.cpp(1047): warning C4101: “line1”: 未引用的局部变量
     1>c:\users\administrator\downloads\编程源码\编程源码\三层\helmet-fcem\helmet-fcem\main.cpp(1045): warning C4101: “len1”: 未引用的局部变量
     1>c:\users\administrator\downloads\编程源码\编程源码\三层\helmet-fcem\helmet-fcem\main.cpp(1045): warning C4101: “len”: 未引用的局部变量
     1>c:\users\administrator\downloads\编程源码\编程源码\三层\helmet-fcem\helmet-fcem\main.cpp(1045): warning C4101: “len2”: 未引用的局部变量
     1>c:\users\administrator\downloads\编程源码\编程源码\三层\helmet-fcem\helmet-fcem\main.cpp(1047): warning C4101: “line2”: 未引用的局部变量
     1>c:\users\administrator\downloads\编程源码\编程源码\三层\helmet-fcem\helmet-fcem\main.cpp(1045): warning C4101: “len3”: 未引用的局部变量
     1>c:\users\administrator\downloads\编程源码\编程源码\三层\helmet-fcem\helmet-fcem\main.cpp(1044): warning C4101: “m”: 未引用的局部变量
         Helmet-FCEMDlg.cpp
         Helmet-FCEM.cpp
         正在生成代码...
       ResourceCompile:
         C:\Program Files (x86)\Windows Kits\8.1\bin\x86\rc.exe /D _DEBUG /D _AFXDLL /l"0x0804" /IDebug\ /nologo /fo"Debug\Helmet-FCEM.res" Helmet-FCEM.rc 
       Link:
         C:\Program Files (x86)\Microsoft Visual Studio 12.0\VC\bin\link.exe /ERRORREPORT:PROMPT /OUT:"C:\Users\Administrator\Downloads\编程源码\编程源码\三层\Helmet-FCEM\Debug\Helmet-FCEM.exe" /INCREMENTAL /NOLOGO /MANIFEST /MANIFESTUAC:"level='asInvoker' uiAccess='false'" /manifest:embed /manifestinput:"C:\Program Files (x86)\Microsoft Visual Studio 12.0\VC\Include\Manifest\dpiaware.manifest" /DEBUG /PDB:"C:\Users\Administrator\Downloads\编程源码\编程源码\三层\Helmet-FCEM\Debug\Helmet-FCEM.pdb" /SUBSYSTEM:WINDOWS /STACK:"10000000" /TLBID:1 /DYNAMICBASE /NXCOMPAT /IMPLIB:"C:\Users\Administrator\Downloads\编程源码\编程源码\三层\Helmet-FCEM\Debug\Helmet-FCEM.lib" /MACHINE:X86 "Debug\Helmet-FCEM.res"
         "Debug\Helmet-FCEM.obj"
         "Debug\Helmet-FCEMDlg.obj"
         Debug\Main.obj
         Debug\stdafx.obj
         Debug\Step1dialog.obj
         Debug\Step2dialog.obj
         Debug\Step3dialog.obj
         Debug\Step4dialog.obj
         Debug\zhibiao.obj
         Helmet-FCEM.vcxproj -> C:\Users\Administrator\Downloads\编程源码\编程源码\三层\Helmet-FCEM\Debug\Helmet-FCEM.exe
     1>已完成生成项目“C:\Users\Administrator\Downloads\编程源码\编程源码\三层\Helmet-FCEM\Helmet-FCEM\Helmet-FCEM.vcxproj”(Build 个目标)的操作。

生成成功。

已用时间 00:00:08.69
